npm notice 
npm notice 📦  github-npm@1.2.12
npm notice === Tarball Contents === 
npm notice 607B  package.json  
npm notice 175B  .editorconfig 
npm notice 29B   .gitattributes
npm notice 46B   .travis.yml   
npm notice 123B  1.log         
npm notice 46B   2.log         
npm notice 0     3.log         
npm notice 1.1kB LICENSE       
npm notice 2.0kB README.md     
npm notice 6.0kB release.sh    
npm notice === Tarball Details === 
npm notice name:          github-npm                              
npm notice version:       1.2.12                                  
npm notice package size:  4.0 kB                                  
npm notice unpacked size: 10.1 kB                                 
npm notice shasum:        c8df74550294c36e2ae7cfb7091c8e46b26e82b8
npm notice integrity:     sha512-Be+waocvb0arj[...]7nvGjTUgF2qpw==
npm notice total files:   10                                      
npm notice 
