remote: This repository moved. Please use the new location:        
remote:   https://github.com/abranhe/github-npm.git        
To https://github.com/19cah/github-npm.git
   4ef42a5..0566dac  master -> master
Already on 'master'
Your branch is up to date with 'origin/master'.
up to date in 2.185s
found 0 vulnerabilities

npm notice 
npm notice 📦  github-npm@1.2.21
npm notice === Tarball Contents === 
npm notice 613B  package.json  
npm notice 175B  .editorconfig 
npm notice 29B   .gitattributes
npm notice 46B   .travis.yml   
npm notice 1.1kB LICENSE       
npm notice 2.0kB README.md     
npm notice 6.0kB release.sh    
npm notice === Tarball Details === 
npm notice name:          github-npm                              
npm notice version:       1.2.21                                  
npm notice package size:  3.9 kB                                  
npm notice unpacked size: 10.0 kB                                 
npm notice shasum:        fb0cde3f62e7d2438742495d79e3eba152ed49f0
npm notice integrity:     sha512-A2OLJCvtDt1nT[...]mrel2tvTo9UJQ==
npm notice total files:   7                                       
npm notice 
+ github-npm@1.2.21
fatal: Failed to resolve '1.2.20' as a valid ref.
remote: This repository moved. Please use the new location:        
remote:   https://github.com/abranhe/github-npm.git        
To https://github.com/19cah/github-npm.git
 * [new tag]         v1.2.21 -> v1.2.21
